<?xml version="1.0" encoding="UTF-8" standalone="yes"?><!DOCTYPE report PUBLIC "-//JACOCO//DTD Report 1.1//EN" "report.dtd"><report name="untitled"><sessioninfo id="MacBook-Air.local-4f566679" start="1635508582708" dump="1635508585478"/><sessioninfo id="MacBook-Air.local-55b1b897" start="1635533696601" dump="1635533699196"/><sessioninfo id="MacBook-Air.local-8f9514e9" start="1635542363480" dump="1635542365844"/><sessioninfo id="MacBook-Air.local-874610a4" start="1635598260569" dump="1635598263598"/><sessioninfo id="MacBook-Air.local-d3ad7c60" start="1635598985408" dump="1635598988088"/><sessioninfo id="MacBook-Air.local-edcae26e" start="1635600079015" dump="1635600081696"/><sessioninfo id="MacBook-Air.local-eb3cd267" start="1635601346160" dump="1635601348734"/><sessioninfo id="MacBook-Air.local-f3ef263f" start="1635603027580" dump="1635603030199"/><sessioninfo id="MacBook-Air.local-24db0b33" start="1635606761449" dump="1635606764140"/><sessioninfo id="MacBook-Air.local-92d6b24b" start="1635616839882" dump="1635616842412"/><sessioninfo id="MacBook-Air.local-2b6e7303" start="1635618536762" dump="1635618539328"/><sessioninfo id="MacBook-Air.local-db722332" start="1635618629624" dump="1635618631763"/><sessioninfo id="MacBook-Air.local-21ee4632" start="1635618769465" dump="1635618771971"/><sessioninfo id="MacBook-Air.local-63c117ca" start="1635618871143" dump="1635618873443"/><sessioninfo id="MacBook-Air.local-e771977a" start="1635619316111" dump="1635619318410"/><sessioninfo id="MacBook-Air.local-38819c30" start="1635619661869" dump="1635619664566"/><sessioninfo id="MacBook-Air.local-fb7eb2ad" start="1635619851543" dump="1635619854247"/><sessioninfo id="MacBook-Air.local-187b7fb3" start="1635619972933" dump="1635619975385"/><sessioninfo id="MacBook-Air.local-1be375c3" start="1635620787798" dump="1635620790109"/><sessioninfo id="MacBook-Air.local-1ba439ea" start="1635621503363" dump="1635621505630"/><sessioninfo id="MacBook-Air.local-fa888d1a" start="1635621689099" dump="1635621690994"/><sessioninfo id="MacBook-Air.local-1948fabb" start="1635621872103" dump="1635621874315"/><sessioninfo id="MacBook-Air.local-d7704508" start="1635622053689" dump="1635622055827"/><sessioninfo id="MacBook-Air.local-b3ee4be9" start="1635622429549" dump="1635622431943"/><sessioninfo id="MacBook-Air.local-b879e4ce" start="1635622573692" dump="1635622575833"/><sessioninfo id="MacBook-Air.local-30355bac" start="1635623890475" dump="1635623892674"/><sessioninfo id="MacBook-Air.local-a635ba7b" start="1635624801151" dump="1635624803246"/><sessioninfo id="MacBook-Air.local-b279966b" start="1635625219550" dump="1635625222344"/><sessioninfo id="MacBook-Air.local-471d8ffa" start="1635667983029" dump="1635667985448"/><sessioninfo id="MacBook-Air.local-614d535c" start="1635668047354" dump="1635668049531"/><sessioninfo id="MacBook-Air.local-a3f653f9" start="1635668845748" dump="1635668848364"/><sessioninfo id="MacBook-Air.local-79815a09" start="1635668984624" dump="1635668986902"/><sessioninfo id="MacBook-Air.local-bfc9988" start="1635669698407" dump="1635669701116"/><sessioninfo id="MacBook-Air.local-4d677dab" start="1635670373628" dump="1635670376493"/><sessioninfo id="MacBook-Air.local-d6ffe52d" start="1635670447635" dump="1635670450395"/><sessioninfo id="MacBook-Air.local-bd7cad37" start="1635670762653" dump="1635670765567"/><sessioninfo id="MacBook-Air.local-8da078e6" start="1635671385920" dump="1635671388538"/><sessioninfo id="MacBook-Air.local-79ce88f4" start="1635671800895" dump="1635671803765"/><sessioninfo id="MacBook-Air.local-3c504433" start="1635672410766" dump="1635672413469"/><sessioninfo id="MacBook-Air.local-ee10757e" start="1635672742009" dump="1635672744862"/><sessioninfo id="MacBook-Air.local-831a519c" start="1635672955690" dump="1635672958539"/><sessioninfo id="MacBook-Air.local-57dc688a" start="1635673078696" dump="1635673082033"/><sessioninfo id="MacBook-Air.local-3cc8ecff" start="1635676203059" dump="1635676205925"/><sessioninfo id="MacBook-Air.local-db11ad7e" start="1635678000175" dump="1635678003005"/><sessioninfo id="MacBook-Air.local-b539d587" start="1635759758282" dump="1635759761335"/><sessioninfo id="MacBook-Air.local-b032d2d7" start="1635877159415" dump="1635877169672"/><sessioninfo id="MacBook-Air.local-53cb766a" start="1635880333094" dump="1635880335526"/><sessioninfo id="MacBook-Air.local-2a6677f9" start="1635926573287" dump="1635926576244"/><sessioninfo id="MacBook-Air.local-89fc5ad6" start="1635929253481" dump="1635929256162"/><sessioninfo id="MacBook-Air.local-77169521" start="1635933618225" dump="1635933620785"/><sessioninfo id="MacBook-Air.local-90f31823" start="1635933737860" dump="1635933740987"/><sessioninfo id="MacBook-Air.local-12569c2c" start="1635933775178" dump="1635933777328"/><sessioninfo id="MacBook-Air.local-d3c6ebf1" start="1635934275176" dump="1635934277770"/><sessioninfo id="MacBook-Air.local-334ff0c7" start="1635935680317" dump="1635935682758"/><package name="com/example"><class name="com/example/Feline" sourcefilename="Feline.java"><method name="&lt;init&gt;" desc="()V" line="5"><counter type="INSTRUCTION" missed="0" covered="3"/><counter type="LINE" missed="0" covered="1"/><counter type="COMPLEXITY" missed="0" covered="1"/><counter type="METHOD" missed="0" covered="1"/></method><method name="eatMeat" desc="()Ljava/util/List;" line="9"><counter type="INSTRUCTION" missed="0" covered="4"/><counter type="LINE" missed="0" covered="1"/><counter type="COMPLEXITY" missed="0" covered="1"/><counter type="METHOD" missed="0" covered="1"/></method><method name="getFamily" desc="()Ljava/lang/String;" line="14"><counter type="INSTRUCTION" missed="0" covered="2"/><counter type="LINE" missed="0" covered="1"/><counter type="COMPLEXITY" missed="0" covered="1"/><counter type="METHOD" missed="0" covered="1"/></method><method name="getKittens" desc="()I" line="18"><counter type="INSTRUCTION" missed="0" covered="4"/><counter type="LINE" missed="0" covered="1"/><counter type="COMPLEXITY" missed="0" covered="1"/><counter type="METHOD" missed="0" covered="1"/></method><method name="getKittens" desc="(I)I" line="22"><counter type="INSTRUCTION" missed="0" covered="2"/><counter type="LINE" missed="0" covered="1"/><counter type="COMPLEXITY" missed="0" covered="1"/><counter type="METHOD" missed="0" covered="1"/></method><counter type="INSTRUCTION" missed="0" covered="15"/><counter type="LINE" missed="0" covered="5"/><counter type="COMPLEXITY" missed="0" covered="5"/><counter type="METHOD" missed="0" covered="5"/><counter type="CLASS" missed="0" covered="1"/></class><class name="com/example/Animal" sourcefilename="Animal.java"><method name="&lt;init&gt;" desc="()V" line="5"><counter type="INSTRUCTION" missed="0" covered="3"/><counter type="LINE" missed="0" covered="1"/><counter type="COMPLEXITY" missed="0" covered="1"/><counter type="METHOD" missed="0" covered="1"/></method><method name="getFood" desc="(Ljava/lang/String;)Ljava/util/List;" line="8"><counter type="INSTRUCTION" missed="5" covered="17"/><counter type="BRANCH" missed="1" covered="3"/><counter type="LINE" missed="1" covered="4"/><counter type="COMPLEXITY" missed="1" covered="2"/><counter type="METHOD" missed="0" covered="1"/></method><method name="getFamily" desc="()Ljava/lang/String;" line="18"><counter type="INSTRUCTION" missed="2" covered="0"/><counter type="LINE" missed="1" covered="0"/><counter type="COMPLEXITY" missed="1" covered="0"/><counter type="METHOD" missed="1" covered="0"/></method><counter type="INSTRUCTION" missed="7" covered="20"/><counter type="BRANCH" missed="1" covered="3"/><counter type="LINE" missed="2" covered="5"/><counter type="COMPLEXITY" missed="2" covered="3"/><counter type="METHOD" missed="1" covered="2"/><counter type="CLASS" missed="0" covered="1"/></class><class name="com/example/Predator" sourcefilename="Predator.java"/><class name="com/example/Lion" sourcefilename="Lion.java"><method name="&lt;init&gt;" desc="(Ljava/lang/String;Lcom/example/Feline;)V" line="10"><counter type="INSTRUCTION" missed="5" covered="22"/><counter type="BRANCH" missed="1" covered="3"/><counter type="LINE" missed="1" covered="7"/><counter type="COMPLEXITY" missed="1" covered="2"/><counter type="METHOD" missed="0" covered="1"/></method><method name="getKittens" desc="()I" line="22"><counter type="INSTRUCTION" missed="0" covered="4"/><counter type="LINE" missed="0" covered="1"/><counter type="COMPLEXITY" missed="0" covered="1"/><counter type="METHOD" missed="0" covered="1"/></method><method name="doesHaveMane" desc="()Z" line="26"><counter type="INSTRUCTION" missed="0" covered="3"/><counter type="LINE" missed="0" covered="1"/><counter type="COMPLEXITY" missed="0" covered="1"/><counter type="METHOD" missed="0" covered="1"/></method><method name="getFood" desc="()Ljava/util/List;" line="30"><counter type="INSTRUCTION" missed="0" covered="5"/><counter type="LINE" missed="0" covered="1"/><counter type="COMPLEXITY" missed="0" covered="1"/><counter type="METHOD" missed="0" covered="1"/></method><counter type="INSTRUCTION" missed="5" covered="34"/><counter type="BRANCH" missed="1" covered="3"/><counter type="LINE" missed="1" covered="10"/><counter type="COMPLEXITY" missed="1" covered="5"/><counter type="METHOD" missed="0" covered="4"/><counter type="CLASS" missed="0" covered="1"/></class><class name="com/example/Cat" sourcefilename="Cat.java"><method name="&lt;init&gt;" desc="(Lcom/example/Feline;)V" line="10"><counter type="INSTRUCTION" missed="0" covered="6"/><counter type="LINE" missed="0" covered="3"/><counter type="COMPLEXITY" missed="0" covered="1"/><counter type="METHOD" missed="0" covered="1"/></method><method name="getSound" desc="()Ljava/lang/String;" line="15"><counter type="INSTRUCTION" missed="0" covered="2"/><counter type="LINE" missed="0" covered="1"/><counter type="COMPLEXITY" missed="0" covered="1"/><counter type="METHOD" missed="0" covered="1"/></method><method name="getFood" desc="()Ljava/util/List;" line="19"><counter type="INSTRUCTION" missed="0" covered="4"/><counter type="LINE" missed="0" covered="1"/><counter type="COMPLEXITY" missed="0" covered="1"/><counter type="METHOD" missed="0" covered="1"/></method><counter type="INSTRUCTION" missed="0" covered="12"/><counter type="LINE" missed="0" covered="5"/><counter type="COMPLEXITY" missed="0" covered="3"/><counter type="METHOD" missed="0" covered="3"/><counter type="CLASS" missed="0" covered="1"/></class><sourcefile name="Predator.java"/><sourcefile name="Lion.java"><line nr="10" mi="0" ci="2" mb="0" cb="0"/><line nr="11" mi="0" ci="3" mb="0" cb="0"/><line nr="12" mi="0" ci="4" mb="0" cb="2"/><line nr="13" mi="0" ci="4" mb="0" cb="0"/><line nr="14" mi="0" ci="4" mb="1" cb="1"/><line nr="15" mi="0" ci="4" mb="0" cb="0"/><line nr="17" mi="5" ci="0" mb="0" cb="0"/><line nr="19" mi="0" ci="1" mb="0" cb="0"/><line nr="22" mi="0" ci="4" mb="0" cb="0"/><line nr="26" mi="0" ci="3" mb="0" cb="0"/><line nr="30" mi="0" ci="5" mb="0" cb="0"/><counter type="INSTRUCTION" missed="5" covered="34"/><counter type="BRANCH" missed="1" covered="3"/><counter type="LINE" missed="1" covered="10"/><counter type="COMPLEXITY" missed="1" covered="5"/><counter type="METHOD" missed="0" covered="4"/><counter type="CLASS" missed="0" covered="1"/></sourcefile><sourcefile name="Animal.java"><line nr="5" mi="0" ci="3" mb="0" cb="0"/><line nr="8" mi="0" ci="4" mb="0" cb="2"/><line nr="9" mi="0" ci="4" mb="0" cb="0"/><line nr="10" mi="0" ci="4" mb="1" cb="1"/><line nr="11" mi="0" ci="5" mb="0" cb="0"/><line nr="13" mi="5" ci="0" mb="0" cb="0"/><line nr="18" mi="2" ci="0" mb="0" cb="0"/><counter type="INSTRUCTION" missed="7" covered="20"/><counter type="BRANCH" missed="1" covered="3"/><counter type="LINE" missed="2" covered="5"/><counter type="COMPLEXITY" missed="2" covered="3"/><counter type="METHOD" missed="1" covered="2"/><counter type="CLASS" missed="0" covered="1"/></sourcefile><sourcefile name="Feline.java"><line nr="5" mi="0" ci="3" mb="0" cb="0"/><line nr="9" mi="0" ci="4" mb="0" cb="0"/><line nr="14" mi="0" ci="2" mb="0" cb="0"/><line nr="18" mi="0" ci="4" mb="0" cb="0"/><line nr="22" mi="0" ci="2" mb="0" cb="0"/><counter type="INSTRUCTION" missed="0" covered="15"/><counter type="LINE" missed="0" covered="5"/><counter type="COMPLEXITY" missed="0" covered="5"/><counter type="METHOD" missed="0" covered="5"/><counter type="CLASS" missed="0" covered="1"/></sourcefile><sourcefile name="Cat.java"><line nr="10" mi="0" ci="2" mb="0" cb="0"/><line nr="11" mi="0" ci="3" mb="0" cb="0"/><line nr="12" mi="0" ci="1" mb="0" cb="0"/><line nr="15" mi="0" ci="2" mb="0" cb="0"/><line nr="19" mi="0" ci="4" mb="0" cb="0"/><counter type="INSTRUCTION" missed="0" covered="12"/><counter type="LINE" missed="0" covered="5"/><counter type="COMPLEXITY" missed="0" covered="3"/><counter type="METHOD" missed="0" covered="3"/><counter type="CLASS" missed="0" covered="1"/></sourcefile><counter type="INSTRUCTION" missed="12" covered="81"/><counter type="BRANCH" missed="2" covered="6"/><counter type="LINE" missed="3" covered="25"/><counter type="COMPLEXITY" missed="3" covered="16"/><counter type="METHOD" missed="1" covered="14"/><counter type="CLASS" missed="0" covered="4"/></package><counter type="INSTRUCTION" missed="12" covered="81"/><counter type="BRANCH" missed="2" covered="6"/><counter type="LINE" missed="3" covered="25"/><counter type="COMPLEXITY" missed="3" covered="16"/><counter type="METHOD" missed="1" covered="14"/><counter type="CLASS" missed="0" covered="4"/></report>